<?xml version="1.0" encoding="UTF-8"?>
<!-- Generated by org.testng.reporters.JUnitReportReporter -->
<testsuite hostname="MAVCHN1121385" failures="0" tests="2" name="TestCases.Mmtriptesting" time="166.755" errors="0" timestamp="2023-03-22T10:11:07 IST" skipped="0">
  <testcase classname="TestCases.Mmtriptesting" name="validateCase1" time="111.961"/>
  <system-out/>
  <testcase classname="TestCases.Mmtriptesting" name="validateCase2" time="54.794"/>
  <system-out/>
</testsuite> <!-- TestCases.Mmtriptesting -->
